<?xml version="1.0" encoding="UTF-8"?>
<!-- Generated by org.testng.reporters.JUnitXMLReporter -->
<testsuite ignored="2" hostname="Harsha" failures="0" tests="2" name="Test" time="24.973" errors="0" timestamp="2024-11-04T16:22:26 IST">
  <testcase classname="testngframework.Groups_TCs" name="swiggy" time="13.781"/>
  <testcase classname="testngframework.Groups_TCs" name="zomato" time="1.156"/>
  <testcase classname="testngframework.Groups_TCs" name="google" time="0.0">
    <ignored/>
  </testcase> <!-- google -->
  <testcase classname="testngframework.Groups_TCs" name="redmine" time="0.0">
    <ignored/>
  </testcase> <!-- redmine -->
</testsuite> <!-- Test -->
