<?xml version="1.0" encoding="UTF-8"?>
<testng-results ignored="0" total="1" passed="1" failed="0" skipped="0">
  <reporter-output>
  </reporter-output>
  <suite started-at="2024-12-04T06:22:19 IST" name="Default suite" finished-at="2024-12-04T06:22:52 IST" duration-ms="33351">
    <groups>
    </groups>
    <test started-at="2024-12-04T06:22:19 IST" name="Default test" finished-at="2024-12-04T06:22:52 IST" duration-ms="33351">
      <class name="browserlaunch.GitDemo">
        <test-method is-config="true" signature="beforeTest()[pri:0, instance:browserlaunch.GitDemo@72e5a8e]" started-at="2024-12-04T06:22:19 IST" name="beforeTest" finished-at="2024-12-04T06:22:43 IST" duration-ms="24464" status="PASS">
          <reporter-output>
          </reporter-output>
        </test-method> <!-- beforeTest -->
        <test-method signature="testGit()[pri:0, instance:browserlaunch.GitDemo@72e5a8e]" started-at="2024-12-04T06:22:44 IST" name="testGit" finished-at="2024-12-04T06:22:52 IST" duration-ms="8488" status="PASS">
          <reporter-output>
          </reporter-output>
        </test-method> <!-- testGit -->
      </class> <!-- browserlaunch.GitDemo -->
    </test> <!-- Default test -->
  </suite> <!-- Default suite -->
</testng-results>
